<?xml version="1.0" encoding="UTF-8"?>
<!-- Generated by org.testng.reporters.JUnitXMLReporter -->
<testsuite ignored="0" hostname="Rudini" failures="0" tests="3" name="Automation Test" time="44.079" errors="0" timestamp="2025-08-13T14:44:47 WIB">
  <testcase classname="com.tokonek.dashboard.product.ProductEdit" name="choseOrganizationsTest" time="1.048"/>
  <testcase classname="com.tokonek.dashboard.product.ProductEdit" name="deleteProduct" time="3.181"/>
  <testcase classname="com.tokonek.dashboard.product.ProductEdit" name="editInformationProduct" time="18.579"/>
</testsuite> <!-- Automation Test -->
