<?xml version="1.0" encoding="UTF-8"?>
<testng-results ignored="0" total="3" passed="3" failed="0" skipped="0">
  <reporter-output>
  </reporter-output>
  <suite started-at="2025-08-13T14:44:03 WIB" name="Test Tokonek" finished-at="2025-08-13T14:44:47 WIB" duration-ms="44079">
    <groups>
    </groups>
    <test started-at="2025-08-13T14:44:03 WIB" name="Automation Test" finished-at="2025-08-13T14:44:47 WIB" duration-ms="44079">
      <class name="com.tokonek.dashboard.product.ProductEdit">
        <test-method is-config="true" signature="setUp()[pri:0, instance:com.tokonek.dashboard.product.ProductEdit@4ec4f3a0]" started-at="2025-08-13T14:44:03 WIB" name="setUp" finished-at="2025-08-13T14:44:22 WIB" duration-ms="18807" status="PASS">
          <reporter-output>
          </reporter-output>
        </test-method> <!-- setUp -->
        <test-method signature="choseOrganizationsTest()[pri:1, instance:com.tokonek.dashboard.product.ProductEdit@4ec4f3a0]" started-at="2025-08-13T14:44:22 WIB" name="choseOrganizationsTest" finished-at="2025-08-13T14:44:23 WIB" duration-ms="1048" status="PASS">
          <reporter-output>
          </reporter-output>
        </test-method> <!-- choseOrganizationsTest -->
        <test-method signature="deleteProduct()[pri:2, instance:com.tokonek.dashboard.product.ProductEdit@4ec4f3a0]" started-at="2025-08-13T14:44:23 WIB" name="deleteProduct" finished-at="2025-08-13T14:44:26 WIB" duration-ms="3181" status="PASS">
          <reporter-output>
          </reporter-output>
        </test-method> <!-- deleteProduct -->
        <test-method signature="editInformationProduct()[pri:3, instance:com.tokonek.dashboard.product.ProductEdit@4ec4f3a0]" started-at="2025-08-13T14:44:26 WIB" name="editInformationProduct" finished-at="2025-08-13T14:44:45 WIB" duration-ms="18579" status="PASS">
          <reporter-output>
          </reporter-output>
        </test-method> <!-- editInformationProduct -->
        <test-method is-config="true" signature="tearDown()[pri:0, instance:com.tokonek.dashboard.product.ProductEdit@4ec4f3a0]" started-at="2025-08-13T14:44:45 WIB" name="tearDown" finished-at="2025-08-13T14:44:47 WIB" duration-ms="2239" status="PASS">
          <reporter-output>
          </reporter-output>
        </test-method> <!-- tearDown -->
      </class> <!-- com.tokonek.dashboard.product.ProductEdit -->
    </test> <!-- Automation Test -->
  </suite> <!-- Test Tokonek -->
</testng-results>
