<?xml version="1.0" encoding="UTF-8"?>
<testng-results ignored="0" total="2" passed="2" failed="0" skipped="0">
  <reporter-output>
  </reporter-output>
  <suite started-at="2025-08-19T14:01:07 WIB" name="Test Tokonek" finished-at="2025-08-19T14:01:22 WIB" duration-ms="15210">
    <groups>
    </groups>
    <test started-at="2025-08-19T14:01:07 WIB" name="Automation Test" finished-at="2025-08-19T14:01:22 WIB" duration-ms="15210">
      <class name="com.tokonek.dashboard.products.ProductSearchTest">
        <test-method is-config="true" signature="setUp()[pri:0, instance:com.tokonek.dashboard.products.ProductSearchTest@18078bef]" started-at="2025-08-19T14:01:07 WIB" name="setUp" finished-at="2025-08-19T14:01:12 WIB" duration-ms="5014" status="PASS">
          <reporter-output>
          </reporter-output>
        </test-method> <!-- setUp -->
        <test-method is-config="true" signature="choseOrganizationsTest()[pri:0, instance:com.tokonek.dashboard.products.ProductSearchTest@18078bef]" started-at="2025-08-19T14:01:12 WIB" name="choseOrganizationsTest" finished-at="2025-08-19T14:01:15 WIB" depends-on-methods="com.tokonek.BaseTest.setUp" duration-ms="3182" status="PASS">
          <reporter-output>
          </reporter-output>
        </test-method> <!-- choseOrganizationsTest -->
        <test-method signature="searchProductNodata()[pri:1, instance:com.tokonek.dashboard.products.ProductSearchTest@18078bef]" started-at="2025-08-19T14:01:16 WIB" name="searchProductNodata" finished-at="2025-08-19T14:01:18 WIB" duration-ms="2389" status="PASS">
          <reporter-output>
          </reporter-output>
        </test-method> <!-- searchProductNodata -->
        <test-method signature="searchProduct()[pri:2, instance:com.tokonek.dashboard.products.ProductSearchTest@18078bef]" started-at="2025-08-19T14:01:18 WIB" name="searchProduct" finished-at="2025-08-19T14:01:20 WIB" duration-ms="2183" status="PASS">
          <reporter-output>
          </reporter-output>
        </test-method> <!-- searchProduct -->
        <test-method is-config="true" signature="tearDown()[pri:0, instance:com.tokonek.dashboard.products.ProductSearchTest@18078bef]" started-at="2025-08-19T14:01:20 WIB" name="tearDown" finished-at="2025-08-19T14:01:22 WIB" duration-ms="2219" status="PASS">
          <reporter-output>
          </reporter-output>
        </test-method> <!-- tearDown -->
      </class> <!-- com.tokonek.dashboard.products.ProductSearchTest -->
    </test> <!-- Automation Test -->
  </suite> <!-- Test Tokonek -->
</testng-results>
