<?xml version="1.0" encoding="UTF-8"?>
<testsuite xmlns:xsi="http://www.w3.org/2001/XMLSchema-instance" xsi:noNamespaceSchemaLocation="https://maven.apache.org/surefire/maven-surefire-plugin/xsd/surefire-test-report-3.0.xsd" version="3.0" name="TestSuite" time="11.446" tests="2" errors="0" skipped="0" failures="0">
  <properties>
[...]
</properties>
  <testcase name="choseOrganizationsTest" classname="com.tokonek.dashboard.product.ProductDelete" time="1.054">
    <system-out><![CDATA[ExtentReports dimulai...
Test dimulai: choseOrganizationsTest
Test berhasil: choseOrganizationsTest
]]></system-out>
    <system-err><![CDATA[SLF4J: Failed to load class "org.slf4j.impl.StaticLoggerBinder".
SLF4J: Defaulting to no-operation (NOP) logger implementation
SLF4J: See http://www.slf4j.org/codes.html#StaticLoggerBinder for further details.
]]></system-err>
  </testcase>
  <testcase name="deleteProduct" classname="com.tokonek.dashboard.product.ProductDelete" time="2.181">
    <system-out><![CDATA[Test dimulai: deleteProduct
Test berhasil: deleteProduct
]]></system-out>
  </testcase>
</testsuite>