<?xml version="1.0" encoding="UTF-8"?>
<!-- Generated by org.testng.reporters.JUnitXMLReporter -->
<testsuite ignored="0" hostname="Rudini" failures="0" tests="3" name="Automation Test" time="19.938" errors="0" timestamp="2025-08-08T18:37:33 WIB">
  <testcase classname="com.tokonek.dashboard.CategoryTest" name="choseOrganizationsTest" time="1.053"/>
  <testcase classname="com.tokonek.dashboard.CategoryTest" name="catalogueCategory" time="2.175"/>
  <testcase classname="com.tokonek.dashboard.CategoryTest" name="addCategorySub" time="6.492"/>
</testsuite> <!-- Automation Test -->
