<?xml version="1.0" encoding="UTF-8"?>
<!-- Generated by org.testng.reporters.JUnitXMLReporter -->
<testsuite ignored="0" hostname="Rudini" failures="0" tests="2" name="Automation Test" time="10.595" errors="0" timestamp="2025-08-11T18:45:21 WIB">
  <testcase classname="com.tokonek.dashboard.product.ProductDelete" name="choseOrganizationsTest" time="1.043"/>
  <testcase classname="com.tokonek.dashboard.product.ProductDelete" name="deleteProduct" time="2.186"/>
</testsuite> <!-- Automation Test -->
